
> react-typescript-starter@0.1.0 test
> react-scripts test "--coverage"

PASS src/components/EditCourseModal.test.tsx
FAIL src/App.test.tsx (60.291 s)
  ● test the skip button

    thrown: "Exceeded timeout of 5000 ms for a test.
    Use jest.setTimeout(newTimeout) to increase the timeout value, if this is a long-running test."

      29 | });
      30 |
    > 31 | test("test the skip button", async () => {
         | ^
      32 |     render(<App />);
      33 |     const SkipButton = screen.getAllByRole("checkbox", {
      34 |         name: /Skip/i

      at Object.<anonymous> (src/App.test.tsx:31:1)

PASS src/components/listCourses.test.tsx
PASS src/components/DeleteCourseModal.test.tsx
PASS src/components/listPlans.test.tsx
PASS src/components/DeleteCourseWarningModalX.test.tsx
PASS src/components/DeleteCourseWarningModal.test.tsx
PASS src/components/exportPlans.test.tsx
PASS src/components/listSemesters.test.tsx
PASS src/components/ClearSemesterModal.test.tsx
PASS src/components/viewPlan.test.tsx
PASS src/components/editSemester.test.tsx
PASS src/components/editPlan.test.tsx
PASS src/components/greetingMessage.test.tsx
PASS src/components/skipSemester.test.tsx
PASS src/components/viewSemester.test.tsx
PASS src/components/DeleteSemester.test.tsx
PASS src/components/DeletePlan.test.tsx
PASS src/components/Carouse.test.tsx
PASS src/components/viewFloatingCourses.test.tsx
PASS src/components/viewRequirements.test.tsx
--------------------------------|---------|----------|---------|---------|-----------------------
File                            | % Stmts | % Branch | % Funcs | % Lines | Uncovered Line #s     
--------------------------------|---------|----------|---------|---------|-----------------------
All files                       |   83.38 |    53.52 |   72.83 |   82.91 |                       
 src                            |   51.61 |    38.46 |   43.83 |   51.08 |                       
  App.tsx                       |   51.61 |    38.46 |   43.83 |   51.08 | 44,48,190-436,462-474 
 src/components                 |   98.01 |    94.73 |   96.62 |   98.41 |                       
  Carouse.tsx                   |     100 |      100 |     100 |     100 |                       
  ClearSemesterModal.tsx        |     100 |      100 |     100 |     100 |                       
  DeleteCourseModal.tsx         |     100 |      100 |     100 |     100 |                       
  DeleteCourseWarningModal.tsx  |     100 |      100 |     100 |     100 |                       
  DeleteCourseWarningModalX.tsx |     100 |      100 |     100 |     100 |                       
  DeletePlan.tsx                |     100 |      100 |     100 |     100 |                       
  DeleteSemester.tsx            |     100 |      100 |     100 |     100 |                       
  EditCourseModal.tsx           |     100 |      100 |     100 |     100 |                       
  editPlan.tsx                  |     100 |      100 |     100 |     100 |                       
  editSemester.tsx              |     100 |      100 |     100 |     100 |                       
  exportPlans.tsx               |     100 |      100 |     100 |     100 |                       
  greetingMessage.tsx           |     100 |      100 |     100 |     100 |                       
  listCourses.tsx               |   95.65 |      100 |    90.9 |     100 |                       
  listPlans.tsx                 |     100 |      100 |     100 |     100 |                       
  listSemesters.tsx             |     100 |      100 |     100 |     100 |                       
  skipSemester.tsx              |   66.66 |       50 |      75 |   66.66 | 30-31                 
  viewFloatingCourses.tsx       |      75 |      100 |      75 |      75 | 52                    
  viewPlan.tsx                  |     100 |      100 |     100 |     100 |                       
  viewRequirements.tsx          |     100 |      100 |     100 |     100 |                       
  viewSemester.tsx              |     100 |      100 |     100 |     100 |                       
 src/interfaces                 |       0 |        0 |       0 |       0 |                       
  course.ts                     |       0 |        0 |       0 |       0 |                       
  plan.ts                       |       0 |        0 |       0 |       0 |                       
  semester.ts                   |       0 |        0 |       0 |       0 |                       
--------------------------------|---------|----------|---------|---------|-----------------------

Summary of all failing tests
FAIL src/App.test.tsx (60.291 s)
  ● test the skip button

    thrown: "Exceeded timeout of 5000 ms for a test.
    Use jest.setTimeout(newTimeout) to increase the timeout value, if this is a long-running test."

      29 | });
      30 |
    > 31 | test("test the skip button", async () => {
         | ^
      32 |     render(<App />);
      33 |     const SkipButton = screen.getAllByRole("checkbox", {
      34 |         name: /Skip/i

      at Object.<anonymous> (src/App.test.tsx:31:1)


Test Suites: 1 failed, 20 passed, 21 total
Tests:       1 failed, 81 passed, 82 total
Snapshots:   0 total
Time:        76.157 s
Ran all test suites.
