
> react-typescript-starter@0.1.0 test
> react-scripts test "--coverage"

PASS src/components/EditCourseModal.test.tsx
FAIL src/App.test.tsx (41.992 s)
  ● test the Add Plan button

    thrown: "Exceeded timeout of 5000 ms for a test.
    Use jest.setTimeout(newTimeout) to increase the timeout value, if this is a long-running test."

      24 | });
      25 |
    > 26 | test("test the Add Plan button", async () => {
         | ^
      27 |     render(<App />);
      28 |     const AddplanButton = screen.getAllByRole("button", {
      29 |         name: /Add Plan/i

      at Object.<anonymous> (src/App.test.tsx:26:1)

PASS src/components/listCourses.test.tsx
PASS src/components/DeleteCourseModal.test.tsx
PASS src/components/listPlans.test.tsx
PASS src/components/DeleteCourseWarningModalX.test.tsx
PASS src/components/DeleteCourseWarningModal.test.tsx
PASS src/components/exportPlans.test.tsx
PASS src/components/listSemesters.test.tsx
PASS src/components/ClearSemesterModal.test.tsx
PASS src/components/viewPlan.test.tsx
PASS src/components/editSemester.test.tsx
PASS src/components/editPlan.test.tsx
PASS src/components/greetingMessage.test.tsx
PASS src/components/skipSemester.test.tsx
PASS src/components/viewSemester.test.tsx
PASS src/components/DeleteSemester.test.tsx
PASS src/components/DeletePlan.test.tsx
PASS src/components/Carouse.test.tsx
PASS src/components/viewFloatingCourses.test.tsx
PASS src/components/viewRequirements.test.tsx
--------------------------------|---------|----------|---------|---------|-------------------
File                            | % Stmts | % Branch | % Funcs | % Lines | Uncovered Line #s 
--------------------------------|---------|----------|---------|---------|-------------------
All files                       |   85.42 |    57.74 |   75.92 |   85.05 |                   
 src                            |   55.91 |     42.3 |   49.31 |   55.43 |                   
  App.tsx                       |   55.91 |     42.3 |   49.31 |   55.43 | 44,48,190-436     
 src/components                 |      99 |      100 |   97.75 |   99.47 |                   
  Carouse.tsx                   |     100 |      100 |     100 |     100 |                   
  ClearSemesterModal.tsx        |     100 |      100 |     100 |     100 |                   
  DeleteCourseModal.tsx         |     100 |      100 |     100 |     100 |                   
  DeleteCourseWarningModal.tsx  |     100 |      100 |     100 |     100 |                   
  DeleteCourseWarningModalX.tsx |     100 |      100 |     100 |     100 |                   
  DeletePlan.tsx                |     100 |      100 |     100 |     100 |                   
  DeleteSemester.tsx            |     100 |      100 |     100 |     100 |                   
  EditCourseModal.tsx           |     100 |      100 |     100 |     100 |                   
  editPlan.tsx                  |     100 |      100 |     100 |     100 |                   
  editSemester.tsx              |     100 |      100 |     100 |     100 |                   
  exportPlans.tsx               |     100 |      100 |     100 |     100 |                   
  greetingMessage.tsx           |     100 |      100 |     100 |     100 |                   
  listCourses.tsx               |   95.65 |      100 |    90.9 |     100 |                   
  listPlans.tsx                 |     100 |      100 |     100 |     100 |                   
  listSemesters.tsx             |     100 |      100 |     100 |     100 |                   
  skipSemester.tsx              |     100 |      100 |     100 |     100 |                   
  viewFloatingCourses.tsx       |      75 |      100 |      75 |      75 | 52                
  viewPlan.tsx                  |     100 |      100 |     100 |     100 |                   
  viewRequirements.tsx          |     100 |      100 |     100 |     100 |                   
  viewSemester.tsx              |     100 |      100 |     100 |     100 |                   
 src/interfaces                 |       0 |        0 |       0 |       0 |                   
  course.ts                     |       0 |        0 |       0 |       0 |                   
  plan.ts                       |       0 |        0 |       0 |       0 |                   
  semester.ts                   |       0 |        0 |       0 |       0 |                   
--------------------------------|---------|----------|---------|---------|-------------------

Summary of all failing tests
FAIL src/App.test.tsx (41.992 s)
  ● test the Add Plan button

    thrown: "Exceeded timeout of 5000 ms for a test.
    Use jest.setTimeout(newTimeout) to increase the timeout value, if this is a long-running test."

      24 | });
      25 |
    > 26 | test("test the Add Plan button", async () => {
         | ^
      27 |     render(<App />);
      28 |     const AddplanButton = screen.getAllByRole("button", {
      29 |         name: /Add Plan/i

      at Object.<anonymous> (src/App.test.tsx:26:1)


Test Suites: 1 failed, 20 passed, 21 total
Tests:       1 failed, 78 passed, 79 total
Snapshots:   0 total
Time:        54.826 s
Ran all test suites.
