
> react-typescript-starter@0.1.0 test
> react-scripts test "--coverage"

PASS src/components/EditCourseModal.test.tsx
PASS src/components/DeleteCourseModal.test.tsx
PASS src/components/ClearSemesterModal.test.tsx
PASS src/components/DeleteCourseWarningModalX.test.tsx
PASS src/components/DeleteCourseWarningModal.test.tsx
PASS src/components/DeleteSemester.test.tsx
PASS src/components/editSemester.test.tsx
PASS src/components/editPlan.test.tsx
PASS src/components/greetingMessage.test.tsx
PASS src/components/listCourses.test.tsx
PASS src/components/viewSemester.test.tsx
PASS src/components/deletePlan.test.tsx
PASS src/components/Carouse.test.tsx
PASS src/components/viewRequirements.test.tsx
--------------------------------|---------|----------|---------|---------|-------------------
File                            | % Stmts | % Branch | % Funcs | % Lines | Uncovered Line #s 
--------------------------------|---------|----------|---------|---------|-------------------
All files                       |   52.29 |    21.87 |    43.8 |   51.65 |                   
 src                            |       0 |        0 |       0 |       0 |                   
  App.tsx                       |       0 |        0 |       0 |       0 | 11-58             
 src/components                 |    54.8 |    23.33 |    46.9 |   53.96 |                   
  Carouse.tsx                   |     100 |      100 |     100 |     100 |                   
  ClearSemesterModal.tsx        |     100 |      100 |     100 |     100 |                   
  DeleteCourseModal.tsx         |     100 |      100 |     100 |     100 |                   
  DeleteCourseWarningModal.tsx  |     100 |      100 |     100 |     100 |                   
  DeleteCourseWarningModalX.tsx |     100 |      100 |     100 |     100 |                   
  DeletePlan.tsx                |     100 |      100 |     100 |     100 |                   
  DeleteSemester.tsx            |     100 |      100 |     100 |     100 |                   
  EditCourseModal.tsx           |     100 |      100 |     100 |     100 |                   
  editPlan.tsx                  |     100 |      100 |     100 |     100 |                   
  editSemester.tsx              |     100 |      100 |     100 |     100 |                   
  greetingMessage.tsx           |     100 |      100 |     100 |     100 |                   
  listCourses.tsx               |    20.4 |       10 |    4.34 |   20.83 | 53-135,163-260    
  listPlans.tsx                 |       0 |      100 |       0 |       0 | 18-43             
  listSemesters.tsx             |       0 |        0 |       0 |       0 | 31-40             
  viewFloatingCourses.tsx       |      10 |        0 |   16.66 |      10 | 31-77             
  viewPlan.tsx                  |       0 |        0 |       0 |       0 | 12-108            
  viewRequirements.tsx          |     100 |      100 |     100 |     100 |                   
  viewSemester.tsx              |   11.76 |        0 |    8.33 |   11.76 | 27-76             
 src/interfaces                 |       0 |        0 |       0 |       0 |                   
  course.ts                     |       0 |        0 |       0 |       0 |                   
  plan.ts                       |       0 |        0 |       0 |       0 |                   
  semester.ts                   |       0 |        0 |       0 |       0 |                   
--------------------------------|---------|----------|---------|---------|-------------------

Test Suites: 14 passed, 14 total
Tests:       52 passed, 52 total
Snapshots:   0 total
Time:        11.178 s
Ran all test suites.
