
> react-typescript-starter@0.1.0 test
> react-scripts test "--coverage"

PASS src/components/EditCourseModal.test.tsx
PASS src/components/listCourses.test.tsx
PASS src/components/DeleteCourseModal.test.tsx
PASS src/components/listPlans.test.tsx
PASS src/components/DeleteCourseWarningModalX.test.tsx
PASS src/components/DeleteCourseWarningModal.test.tsx
PASS src/components/exportPlans.test.tsx
PASS src/components/listSemesters.test.tsx
PASS src/components/ClearSemesterModal.test.tsx
PASS src/components/editSemester.test.tsx
PASS src/components/editPlan.test.tsx
PASS src/components/greetingMessage.test.tsx
PASS src/components/viewSemester.test.tsx
PASS src/components/DeleteSemester.test.tsx
PASS src/components/DeletePlan.test.tsx
PASS src/components/Carouse.test.tsx
PASS src/components/viewRequirements.test.tsx
PASS src/App.test.tsx
--------------------------------|---------|----------|---------|---------|-------------------
File                            | % Stmts | % Branch | % Funcs | % Lines | Uncovered Line #s 
--------------------------------|---------|----------|---------|---------|-------------------
All files                       |    72.5 |    21.31 |   54.37 |    71.8 |                   
 src                            |   10.38 |        0 |    5.63 |   10.52 |                   
  App.tsx                       |   10.38 |        0 |    5.63 |   10.52 | 48-465            
 src/components                 |   96.05 |    76.47 |   93.25 |   96.31 |                   
  Carouse.tsx                   |     100 |      100 |     100 |     100 |                   
  ClearSemesterModal.tsx        |     100 |      100 |     100 |     100 |                   
  DeleteCourseModal.tsx         |     100 |      100 |     100 |     100 |                   
  DeleteCourseWarningModal.tsx  |     100 |      100 |     100 |     100 |                   
  DeleteCourseWarningModalX.tsx |     100 |      100 |     100 |     100 |                   
  DeletePlan.tsx                |     100 |      100 |     100 |     100 |                   
  DeleteSemester.tsx            |     100 |      100 |     100 |     100 |                   
  EditCourseModal.tsx           |     100 |      100 |     100 |     100 |                   
  editPlan.tsx                  |     100 |      100 |     100 |     100 |                   
  editSemester.tsx              |     100 |      100 |     100 |     100 |                   
  exportPlans.tsx               |     100 |      100 |     100 |     100 |                   
  greetingMessage.tsx           |     100 |      100 |     100 |     100 |                   
  listCourses.tsx               |   95.65 |      100 |    90.9 |     100 |                   
  listPlans.tsx                 |     100 |      100 |     100 |     100 |                   
  listSemesters.tsx             |     100 |      100 |     100 |     100 |                   
  skipSemester.tsx              |   16.66 |        0 |      25 |   16.66 | 21-31             
  viewFloatingCourses.tsx       |      75 |      100 |      75 |      75 | 52                
  viewPlan.tsx                  |      90 |       50 |   88.88 |      90 | 61                
  viewRequirements.tsx          |     100 |      100 |     100 |     100 |                   
  viewSemester.tsx              |     100 |       50 |     100 |     100 | 59                
 src/interfaces                 |       0 |        0 |       0 |       0 |                   
  course.ts                     |       0 |        0 |       0 |       0 |                   
  plan.ts                       |       0 |        0 |       0 |       0 |                   
  semester.ts                   |       0 |        0 |       0 |       0 |                   
--------------------------------|---------|----------|---------|---------|-------------------

Test Suites: 18 passed, 18 total
Tests:       68 passed, 68 total
Snapshots:   0 total
Time:        17.371 s
Ran all test suites.
