
> react-typescript-starter@0.1.0 test
> react-scripts test "--coverage"

PASS src/App.test.tsx
  ✓ renders the course name somewhere (62 ms)

--------------------|---------|----------|---------|---------|-------------------
File                | % Stmts | % Branch | % Funcs | % Lines | Uncovered Line #s 
--------------------|---------|----------|---------|---------|-------------------
All files           |     100 |      100 |     100 |     100 |                   
 src                |     100 |      100 |     100 |     100 |                   
  App.tsx           |     100 |      100 |     100 |     100 |                   
 src/components     |     100 |      100 |     100 |     100 |                   
  listCourses.tsx   |     100 |      100 |     100 |     100 |                   
  listPlans.tsx     |     100 |      100 |     100 |     100 |                   
  listSemesters.tsx |     100 |      100 |     100 |     100 |                   
  viewCourse.tsx    |     100 |      100 |     100 |     100 |                   
  viewPlan.tsx      |     100 |      100 |     100 |     100 |                   
  viewSemester.tsx  |     100 |      100 |     100 |     100 |                   
 src/interfaces     |       0 |        0 |       0 |       0 |                   
  course.ts         |       0 |        0 |       0 |       0 |                   
  plan.ts           |       0 |        0 |       0 |       0 |                   
  semester.ts       |       0 |        0 |       0 |       0 |                   
--------------------|---------|----------|---------|---------|-------------------
Test Suites: 1 passed, 1 total
Tests:       1 passed, 1 total
Snapshots:   0 total
Time:        2.069 s
Ran all test suites.
